 ============================================================================== 
 date： 2020/04/10 22:11:55.161
 level：Error
 logger：WareHouse.Core.Helper.LogHelper
 machinename：DESKTOP-97C9PMG
 message：System.Exception: 这是一个错误
   at WareHouse.Web.Controllers.HomeController.TestUnit() in D:\MyProject\OneDrive - OBA GG\C#\Warehouse\WareHouse.Web\Controllers\HomeController.cs:line 115
   at lambda_method(Closure , Object , Object[] )
   at Microsoft.Extensions.Internal.ObjectMethodExecutor.Execute(Object target, Object[] parameters)
   at Microsoft.AspNetCore.Mvc.Infrastructure.ActionMethodExecutor.SyncActionResultExecutor.Execute(IActionResultTypeMapper mapper, ObjectMethodExecutor executor, Object controller, Object[] arguments)
   at Microsoft.AspNetCore.Mvc.Infrastructure.ControllerActionInvoker.InvokeActionMethodAsync()
   at Microsoft.AspNetCore.Mvc.Infrastructure.ControllerActionInvoker.Next(State& next, Scope& scope, Object& state, Boolean& isCompleted)
   at Microsoft.AspNetCore.Mvc.Infrastructure.ControllerActionInvoker.InvokeNextActionFilterAsync()
--- End of stack trace from previous location where exception was thrown ---
   at Microsoft.AspNetCore.Mvc.Infrastructure.ControllerActionInvoker.Rethrow(ActionExecutedContextSealed context)
   at Microsoft.AspNetCore.Mvc.Infrastructure.ControllerActionInvoker.Next(State& next, Scope& scope, Object& state, Boolean& isCompleted)
   at Microsoft.AspNetCore.Mvc.Infrastructure.ControllerActionInvoker.InvokeInnerFilterAsync()
--- End of stack trace from previous location where exception was thrown ---
   at Microsoft.AspNetCore.Mvc.Infrastructure.ResourceInvoker.<InvokeNextResourceFilter>g__Awaited|24_0(ResourceInvoker invoker, Task lastTask, State next, Scope scope, Object state, Boolean isCompleted)
   at Microsoft.AspNetCore.Mvc.Infrastructure.ResourceInvoker.Rethrow(ResourceExecutedContextSealed context)
   at Microsoft.AspNetCore.Mvc.Infrastructure.ResourceInvoker.Next(State& next, Scope& scope, Object& state, Boolean& isCompleted)
   at Microsoft.AspNetCore.Mvc.Infrastructure.ResourceInvoker.InvokeFilterPipelineAsync()
--- End of stack trace from previous location where exception was thrown ---
   at Microsoft.AspNetCore.Mvc.Infrastructure.ResourceInvoker.<InvokeAsync>g__Awaited|17_0(ResourceInvoker invoker, Task task, IDisposable scope)
   at Microsoft.AspNetCore.Routing.EndpointMiddleware.<Invoke>g__AwaitRequestTask|6_0(Endpoint endpoint, Task requestTask, ILogger logger)
   at WareHouse.Core.Middleware.WareHouseExceptionHandlerMiddleware.Invoke(HttpContext httpContext) in D:\MyProject\OneDrive - OBA GG\C#\Warehouse\WareHouse.Core\Middleware\WareHouseExceptionHandlerMiddleware.cs:line 35
 appdomain：0001:WareHouse.Web
 assembly-version： 1.0.0.0
 basedir：D:\MyProject\OneDrive - OBA GG\C#\Warehouse\WareHouse.Web\bin\Debug\netcoreapp3.1\
 callsite： WareHouse.Core.Helper.LogHelper.Error
 callsite-linenumber： 54
 counter：44
 nlogdir：D:\MyProject\OneDrive - OBA GG\C#\Warehouse\WareHouse.Web\bin\Debug\netcoreapp3.1
 processid：23120
 processname：iisexpress
 specialfolder：C:\Users\Administrator\Desktop
 stacktrace: AsyncMethodBuilderCore.Start => <Invoke>d__2.MoveNext => LogHelper.Error
 ============================================================================== 

 ============================================================================== 
 date： 2020/04/10 22:11:59.303
 level：Error
 logger：WareHouse.Core.Helper.LogHelper
 machinename：DESKTOP-97C9PMG
 message：BusinessException，BusinessException
 appdomain：0001:WareHouse.Web
 assembly-version： 1.0.0.0
 basedir：D:\MyProject\OneDrive - OBA GG\C#\Warehouse\WareHouse.Web\bin\Debug\netcoreapp3.1\
 callsite： WareHouse.Core.Helper.LogHelper.Error
 callsite-linenumber： 49
 counter：45
 nlogdir：D:\MyProject\OneDrive - OBA GG\C#\Warehouse\WareHouse.Web\bin\Debug\netcoreapp3.1
 processid：23120
 processname：iisexpress
 specialfolder：C:\Users\Administrator\Desktop
 stacktrace: AsyncMethodBuilderCore.Start => <Invoke>d__2.MoveNext => LogHelper.Error
 ============================================================================== 

 ============================================================================== 
 date： 2020/04/10 22:13:08.470
 level：Error
 logger：WareHouse.Core.Helper.LogHelper
 machinename：DESKTOP-97C9PMG
 message：BusinessException，BusinessException
 appdomain：0001:WareHouse.Web
 assembly-version： 1.0.0.0
 basedir：D:\MyProject\OneDrive - OBA GG\C#\Warehouse\WareHouse.Web\bin\Debug\netcoreapp3.1\
 callsite： WareHouse.Core.Helper.LogHelper.Error
 callsite-linenumber： 49
 counter：44
 nlogdir：D:\MyProject\OneDrive - OBA GG\C#\Warehouse\WareHouse.Web\bin\Debug\netcoreapp3.1
 processid：9084
 processname：iisexpress
 specialfolder：C:\Users\Administrator\Desktop
 stacktrace: AsyncMethodBuilderCore.Start => <Invoke>d__2.MoveNext => LogHelper.Error
 ============================================================================== 

 ============================================================================== 
 date： 2020/04/10 22:13:08.491
 level：Error
 logger：WareHouse.Core.Helper.LogHelper
 machinename：DESKTOP-97C9PMG
 message：System.InvalidOperationException: Could not create an instance of type 'WareHouse.Core.Data.AjaxResult'. Model bound complex types must not be abstract or value types and must have a parameterless constructor. Alternatively, give the 'msg' parameter a non-null default value.
   at Microsoft.AspNetCore.Mvc.ModelBinding.Binders.ComplexTypeModelBinder.CreateModel(ModelBindingContext bindingContext)
   at Microsoft.AspNetCore.Mvc.ModelBinding.Binders.ComplexTypeModelBinder.BindModelCoreAsync(ModelBindingContext bindingContext, Int32 propertyData)
   at Microsoft.AspNetCore.Mvc.ModelBinding.ParameterBinder.BindModelAsync(ActionContext actionContext, IModelBinder modelBinder, IValueProvider valueProvider, ParameterDescriptor parameter, ModelMetadata metadata, Object value)
   at Microsoft.AspNetCore.Mvc.Controllers.ControllerBinderDelegateProvider.<>c__DisplayClass0_0.<<CreateBinderDelegate>g__Bind|0>d.MoveNext()
--- End of stack trace from previous location where exception was thrown ---
   at Microsoft.AspNetCore.Mvc.Infrastructure.ControllerActionInvoker.<InvokeInnerFilterAsync>g__Awaited|13_0(ControllerActionInvoker invoker, Task lastTask, State next, Scope scope, Object state, Boolean isCompleted)
   at Microsoft.AspNetCore.Mvc.Infrastructure.ResourceInvoker.<InvokeNextResourceFilter>g__Awaited|24_0(ResourceInvoker invoker, Task lastTask, State next, Scope scope, Object state, Boolean isCompleted)
   at Microsoft.AspNetCore.Mvc.Infrastructure.ResourceInvoker.Rethrow(ResourceExecutedContextSealed context)
   at Microsoft.AspNetCore.Mvc.Infrastructure.ResourceInvoker.Next(State& next, Scope& scope, Object& state, Boolean& isCompleted)
   at Microsoft.AspNetCore.Mvc.Infrastructure.ResourceInvoker.InvokeFilterPipelineAsync()
--- End of stack trace from previous location where exception was thrown ---
   at Microsoft.AspNetCore.Mvc.Infrastructure.ResourceInvoker.<InvokeAsync>g__Awaited|17_0(ResourceInvoker invoker, Task task, IDisposable scope)
   at Microsoft.AspNetCore.Routing.EndpointMiddleware.<Invoke>g__AwaitRequestTask|6_0(Endpoint endpoint, Task requestTask, ILogger logger)
   at WareHouse.Core.Middleware.WareHouseExceptionHandlerMiddleware.Invoke(HttpContext httpContext) in D:\MyProject\OneDrive - OBA GG\C#\Warehouse\WareHouse.Core\Middleware\WareHouseExceptionHandlerMiddleware.cs:line 35
 appdomain：0001:WareHouse.Web
 assembly-version： 1.0.0.0
 basedir：D:\MyProject\OneDrive - OBA GG\C#\Warehouse\WareHouse.Web\bin\Debug\netcoreapp3.1\
 callsite： WareHouse.Core.Helper.LogHelper.Error
 callsite-linenumber： 54
 counter：45
 nlogdir：D:\MyProject\OneDrive - OBA GG\C#\Warehouse\WareHouse.Web\bin\Debug\netcoreapp3.1
 processid：9084
 processname：iisexpress
 specialfolder：C:\Users\Administrator\Desktop
 stacktrace: AsyncMethodBuilderCore.Start => <Invoke>d__2.MoveNext => LogHelper.Error
 ============================================================================== 

 ============================================================================== 
 date： 2020/04/10 22:23:41.965
 level：Error
 logger：WareHouse.Core.Helper.LogHelper
 machinename：DESKTOP-97C9PMG
 message：BusinessException，BusinessException
 appdomain：0001:WareHouse.Web
 assembly-version： 1.0.0.0
 basedir：D:\MyProject\OneDrive - OBA GG\C#\Warehouse\WareHouse.Web\bin\Debug\netcoreapp3.1\
 callsite： WareHouse.Core.Helper.LogHelper.Error
 callsite-linenumber： 49
 counter：44
 nlogdir：D:\MyProject\OneDrive - OBA GG\C#\Warehouse\WareHouse.Web\bin\Debug\netcoreapp3.1
 processid：21176
 processname：iisexpress
 specialfolder：C:\Users\Administrator\Desktop
 stacktrace: AsyncMethodBuilderCore.Start => <Invoke>d__2.MoveNext => LogHelper.Error
 ============================================================================== 

 ============================================================================== 
 date： 2020/04/10 22:32:51.835
 level：Error
 logger：WareHouse.Core.Helper.LogHelper
 machinename：DESKTOP-97C9PMG
 message：BusinessException，BusinessException
 appdomain：0001:WareHouse.Web
 assembly-version： 1.0.0.0
 basedir：D:\MyProject\OneDrive - OBA GG\C#\Warehouse\WareHouse.Web\bin\Debug\netcoreapp3.1\
 callsite： WareHouse.Core.Helper.LogHelper.Error
 callsite-linenumber： 49
 counter：44
 nlogdir：D:\MyProject\OneDrive - OBA GG\C#\Warehouse\WareHouse.Web\bin\Debug\netcoreapp3.1
 processid：6504
 processname：iisexpress
 specialfolder：C:\Users\Administrator\Desktop
 stacktrace: AsyncMethodBuilderCore.Start => <Invoke>d__2.MoveNext => LogHelper.Error
 ============================================================================== 

 ============================================================================== 
 date： 2020/04/10 22:40:30.181
 level：Error
 logger：WareHouse.Core.Helper.LogHelper
 machinename：DESKTOP-97C9PMG
 message：BusinessException，BusinessException
 appdomain：0001:WareHouse.Web
 assembly-version： 1.0.0.0
 basedir：D:\MyProject\OneDrive - OBA GG\C#\Warehouse\WareHouse.Web\bin\Debug\netcoreapp3.1\
 callsite： WareHouse.Core.Helper.LogHelper.Error
 callsite-linenumber： 49
 counter：44
 nlogdir：D:\MyProject\OneDrive - OBA GG\C#\Warehouse\WareHouse.Web\bin\Debug\netcoreapp3.1
 processid：14104
 processname：iisexpress
 specialfolder：C:\Users\Administrator\Desktop
 stacktrace: AsyncMethodBuilderCore.Start => <Invoke>d__2.MoveNext => LogHelper.Error
 ============================================================================== 

 ============================================================================== 
 date： 2020/04/10 22:42:21.483
 level：Error
 logger：WareHouse.Core.Helper.LogHelper
 machinename：DESKTOP-97C9PMG
 message：BusinessException，BusinessException
 appdomain：0001:WareHouse.Web
 assembly-version： 1.0.0.0
 basedir：D:\MyProject\OneDrive - OBA GG\C#\Warehouse\WareHouse.Web\bin\Debug\netcoreapp3.1\
 callsite： WareHouse.Core.Helper.LogHelper.Error
 callsite-linenumber： 49
 counter：44
 nlogdir：D:\MyProject\OneDrive - OBA GG\C#\Warehouse\WareHouse.Web\bin\Debug\netcoreapp3.1
 processid：3772
 processname：iisexpress
 specialfolder：C:\Users\Administrator\Desktop
 stacktrace: AsyncMethodBuilderCore.Start => <Invoke>d__2.MoveNext => LogHelper.Error
 ============================================================================== 

 ============================================================================== 
 date： 2020/04/10 22:43:36.431
 level：Error
 logger：WareHouse.Core.Helper.LogHelper
 machinename：DESKTOP-97C9PMG
 message：BusinessException，BusinessException
 appdomain：0001:WareHouse.Web
 assembly-version： 1.0.0.0
 basedir：D:\MyProject\OneDrive - OBA GG\C#\Warehouse\WareHouse.Web\bin\Debug\netcoreapp3.1\
 callsite： WareHouse.Core.Helper.LogHelper.Error
 callsite-linenumber： 49
 counter：44
 nlogdir：D:\MyProject\OneDrive - OBA GG\C#\Warehouse\WareHouse.Web\bin\Debug\netcoreapp3.1
 processid：8752
 processname：iisexpress
 specialfolder：C:\Users\Administrator\Desktop
 stacktrace: AsyncMethodBuilderCore.Start => <Invoke>d__2.MoveNext => LogHelper.Error
 ============================================================================== 

 ============================================================================== 
 date： 2020/04/10 22:44:09.116
 level：Error
 logger：WareHouse.Core.Helper.LogHelper
 machinename：DESKTOP-97C9PMG
 message：BusinessException，BusinessException
 appdomain：0001:WareHouse.Web
 assembly-version： 1.0.0.0
 basedir：D:\MyProject\OneDrive - OBA GG\C#\Warehouse\WareHouse.Web\bin\Debug\netcoreapp3.1\
 callsite： WareHouse.Core.Helper.LogHelper.Error
 callsite-linenumber： 49
 counter：44
 nlogdir：D:\MyProject\OneDrive - OBA GG\C#\Warehouse\WareHouse.Web\bin\Debug\netcoreapp3.1
 processid：23528
 processname：iisexpress
 specialfolder：C:\Users\Administrator\Desktop
 stacktrace: AsyncMethodBuilderCore.Start => <Invoke>d__2.MoveNext => LogHelper.Error
 ============================================================================== 

 ============================================================================== 
 date： 2020/04/10 22:46:22.485
 level：Error
 logger：WareHouse.Core.Helper.LogHelper
 machinename：DESKTOP-97C9PMG
 message：BusinessException，BusinessException
 appdomain：0001:WareHouse.Web
 assembly-version： 1.0.0.0
 basedir：D:\MyProject\OneDrive - OBA GG\C#\Warehouse\WareHouse.Web\bin\Debug\netcoreapp3.1\
 callsite： WareHouse.Core.Helper.LogHelper.Error
 callsite-linenumber： 49
 counter：44
 nlogdir：D:\MyProject\OneDrive - OBA GG\C#\Warehouse\WareHouse.Web\bin\Debug\netcoreapp3.1
 processid：8640
 processname：iisexpress
 specialfolder：C:\Users\Administrator\Desktop
 stacktrace: AsyncMethodBuilderCore.Start => <Invoke>d__2.MoveNext => LogHelper.Error
 ============================================================================== 

 ============================================================================== 
 date： 2020/04/10 22:46:46.333
 level：Error
 logger：WareHouse.Core.Helper.LogHelper
 machinename：DESKTOP-97C9PMG
 message：BusinessException，BusinessException
 appdomain：0001:WareHouse.Web
 assembly-version： 1.0.0.0
 basedir：D:\MyProject\OneDrive - OBA GG\C#\Warehouse\WareHouse.Web\bin\Debug\netcoreapp3.1\
 callsite： WareHouse.Core.Helper.LogHelper.Error
 callsite-linenumber： 49
 counter：2
 nlogdir：D:\MyProject\OneDrive - OBA GG\C#\Warehouse\WareHouse.Web\bin\Debug\netcoreapp3.1
 processid：2160
 processname：iisexpress
 specialfolder：C:\Users\Administrator\Desktop
 stacktrace: AsyncMethodBuilderCore.Start => <Invoke>d__2.MoveNext => LogHelper.Error
 ============================================================================== 

 ============================================================================== 
 date： 2020/04/10 22:46:53.026
 level：Error
 logger：WareHouse.Core.Helper.LogHelper
 machinename：DESKTOP-97C9PMG
 message：BusinessException，BusinessException
 appdomain：0001:WareHouse.Web
 assembly-version： 1.0.0.0
 basedir：D:\MyProject\OneDrive - OBA GG\C#\Warehouse\WareHouse.Web\bin\Debug\netcoreapp3.1\
 callsite： WareHouse.Core.Helper.LogHelper.Error
 callsite-linenumber： 49
 counter：42
 nlogdir：D:\MyProject\OneDrive - OBA GG\C#\Warehouse\WareHouse.Web\bin\Debug\netcoreapp3.1
 processid：2160
 processname：iisexpress
 specialfolder：C:\Users\Administrator\Desktop
 stacktrace: AsyncMethodBuilderCore.Start => <Invoke>d__2.MoveNext => LogHelper.Error
 ============================================================================== 

